<?xml version="1.0" encoding="UTF-8"?>
<!-- Generated by org.testng.reporters.JUnitXMLReporter -->
<testsuite hostname="MBP-173347" ignored="0" name="Command line test" tests="2" failures="1" timestamp="2021-12-17T22:48:34 IST" time="0.531" errors="0">
  <testcase name="@BeforeMethod beforeMethod" time="0.499" classname="SanitySuite.FirstTest">
    <failure type="java.lang.IllegalArgumentException" message="Base URI cannot be null">
      <![CDATA[java.lang.IllegalArgumentException: Base URI cannot be null
at org.codehaus.groovy.runtime.callsite.ConstructorSite$ConstructorSiteNoUnwrap.callConstructor(ConstructorSite.java:84)
at org.codehaus.groovy.runtime.callsite.CallSiteArray.defaultCallConstructor(CallSiteArray.java:59)
at org.codehaus.groovy.runtime.callsite.AbstractCallSite.callConstructor(AbstractCallSite.java:263)
at org.codehaus.groovy.runtime.callsite.AbstractCallSite.callConstructor(AbstractCallSite.java:277)
at io.restassured.internal.common.assertion.AssertParameter.notNull(AssertParameter.groovy:26)
at io.restassured.internal.common.assertion.AssertParameter$notNull.callStatic(Unknown Source)
at org.codehaus.groovy.runtime.callsite.CallSiteArray.defaultCallStatic(CallSiteArray.java:55)
at org.codehaus.groovy.runtime.callsite.AbstractCallSite.callStatic(AbstractCallSite.java:217)
at org.codehaus.groovy.runtime.callsite.AbstractCallSite.callStatic(AbstractCallSite.java:240)
at io.restassured.internal.RequestSpecificationImpl.baseUri(RequestSpecificationImpl.groovy:687)
at common.BaseTest.beforeMethod(BaseTest.java:16)
at SanitySuite.SanityBaseTest.beforeMethod(SanityBaseTest.java:13)
at SanitySuite.FirstTest.beforeMethod(FirstTest.java:17)
at java.util.ArrayList.forEach(ArrayList.java:1259)
... Removed 47 stack frames]]>
    </failure>
  </testcase> <!-- @BeforeMethod beforeMethod -->
  <testcase name="wrongEndPoint" time="0.0" classname="SanitySuite.FirstTest">
    <skipped/>
  </testcase> <!-- wrongEndPoint -->
  <testcase name="randomJoke" time="0.0" classname="SanitySuite.SecondTest">
    <failure type="org.testng.TestNGException" message="
Parameter &amp;apos;categoryIndex&amp;apos; is required by @Test on method randomJoke but has not been marked @Optional or defined
">
      <![CDATA[org.testng.TestNGException: 
Parameter 'categoryIndex' is required by @Test on method randomJoke but has not been marked @Optional or defined

at java.util.ArrayList.forEach(ArrayList.java:1259)
... Removed 36 stack frames]]>
    </failure>
  </testcase> <!-- randomJoke -->
</testsuite> <!-- Command line test -->
