<?xml version="1.0" encoding="UTF-8"?>
<testng-results skipped="0" failed="1" ignored="0" total="2" passed="1">
  <reporter-output>
  </reporter-output>
  <suite name="Simple Suite" duration-ms="5041" started-at="2021-12-17T23:19:16 IST" finished-at="2021-12-17T23:19:21 IST">
    <groups>
    </groups>
    <test name="Wrong End Point" duration-ms="2595" started-at="2021-12-17T23:19:16 IST" finished-at="2021-12-17T23:19:19 IST">
      <class name="SanitySuite.FirstTest">
        <test-method status="PASS" signature="beforeMethod(org.testng.ITestContext)[pri:0, instance:SanitySuite.FirstTest@7085bdee]" name="beforeMethod" is-config="true" duration-ms="506" started-at="2021-12-17T23:19:16 IST" finished-at="2021-12-17T23:19:17 IST">
          <params>
            <param index="0">
              <value>
                <![CDATA[org.testng.TestRunner@5bb3d42d]]>
              </value>
            </param>
          </params>
          <reporter-output>
          </reporter-output>
        </test-method> <!-- beforeMethod -->
        <test-method status="FAIL" signature="wrongEndPoint()[pri:0, instance:SanitySuite.FirstTest@7085bdee]" name="wrongEndPoint" duration-ms="2062" started-at="2021-12-17T23:19:17 IST" finished-at="2021-12-17T23:19:19 IST">
          <exception class="java.lang.AssertionError">
            <message>
              <![CDATA[
Expected: null
     but: was <ErrorCodePojo(message=Not Found, code=404)>]]>
            </message>
            <full-stacktrace>
              <![CDATA[java.lang.AssertionError: 
Expected: null
     but: was <ErrorCodePojo(message=Not Found, code=404)>
at org.hamcrest.MatcherAssert.assertThat(MatcherAssert.java:20)
at org.hamcrest.MatcherAssert.assertThat(MatcherAssert.java:6)
at Util.ResponseValidator.AssertNoError(ResponseValidator.java:22)
at Util.ActionBot.getWithNoErrors(ActionBot.java:15)
at SanitySuite.FirstTest.wrongEndPoint(FirstTest.java:23)
at sun.reflect.NativeMethodAccessorImpl.invoke0(Native Method)
at sun.reflect.NativeMethodAccessorImpl.invoke(NativeMethodAccessorImpl.java:62)
at sun.reflect.DelegatingMethodAccessorImpl.invoke(DelegatingMethodAccessorImpl.java:43)
at java.lang.reflect.Method.invoke(Method.java:498)
at org.testng.internal.MethodInvocationHelper.invokeMethod(MethodInvocationHelper.java:133)
at org.testng.internal.TestInvoker.invokeMethod(TestInvoker.java:598)
at org.testng.internal.TestInvoker.invokeTestMethod(TestInvoker.java:173)
at org.testng.internal.MethodRunner.runInSequence(MethodRunner.java:46)
at org.testng.internal.TestInvoker$MethodInvocationAgent.invoke(TestInvoker.java:824)
at org.testng.internal.TestInvoker.invokeTestMethods(TestInvoker.java:146)
at org.testng.internal.TestMethodWorker.invokeTestMethods(TestMethodWorker.java:146)
at org.testng.internal.TestMethodWorker.run(TestMethodWorker.java:128)
at java.util.ArrayList.forEach(ArrayList.java:1259)
at org.testng.TestRunner.privateRun(TestRunner.java:794)
at org.testng.TestRunner.run(TestRunner.java:596)
at org.testng.SuiteRunner.runTest(SuiteRunner.java:377)
at org.testng.SuiteRunner.runSequentially(SuiteRunner.java:371)
at org.testng.SuiteRunner.privateRun(SuiteRunner.java:332)
at org.testng.SuiteRunner.run(SuiteRunner.java:276)
at org.testng.SuiteRunnerWorker.runSuite(SuiteRunnerWorker.java:53)
at org.testng.SuiteRunnerWorker.run(SuiteRunnerWorker.java:96)
at org.testng.TestNG.runSuitesSequentially(TestNG.java:1212)
at org.testng.TestNG.runSuitesLocally(TestNG.java:1134)
at org.testng.TestNG.runSuites(TestNG.java:1063)
at org.testng.TestNG.run(TestNG.java:1031)
at org.apache.maven.surefire.testng.TestNGExecutor.run(TestNGExecutor.java:178)
at org.apache.maven.surefire.testng.TestNGXmlTestSuite.execute(TestNGXmlTestSuite.java:92)
at org.apache.maven.surefire.testng.TestNGProvider.invoke(TestNGProvider.java:96)
at sun.reflect.NativeMethodAccessorImpl.invoke0(Native Method)
at sun.reflect.NativeMethodAccessorImpl.invoke(NativeMethodAccessorImpl.java:62)
at sun.reflect.DelegatingMethodAccessorImpl.invoke(DelegatingMethodAccessorImpl.java:43)
at java.lang.reflect.Method.invoke(Method.java:498)
at org.apache.maven.surefire.util.ReflectionUtils.invokeMethodWithArray2(ReflectionUtils.java:208)
at org.apache.maven.surefire.booter.ProviderFactory$ProviderProxy.invoke(ProviderFactory.java:159)
at org.apache.maven.surefire.booter.ProviderFactory.invokeProvider(ProviderFactory.java:87)
at org.apache.maven.surefire.booter.ForkedBooter.runSuitesInProcess(ForkedBooter.java:153)
at org.apache.maven.surefire.booter.ForkedBooter.main(ForkedBooter.java:95)
]]>
            </full-stacktrace>
          </exception> <!-- java.lang.AssertionError -->
          <reporter-output>
          </reporter-output>
        </test-method> <!-- wrongEndPoint -->
      </class> <!-- SanitySuite.FirstTest -->
    </test> <!-- Wrong End Point -->
    <test name="Random Joke" duration-ms="2422" started-at="2021-12-17T23:19:19 IST" finished-at="2021-12-17T23:19:21 IST">
      <class name="SanitySuite.SecondTest">
        <test-method status="PASS" signature="randomJoke(int)[pri:0, instance:SanitySuite.SecondTest@6ddf90b0]" name="randomJoke" duration-ms="2420" started-at="2021-12-17T23:19:19 IST" finished-at="2021-12-17T23:19:21 IST">
          <params>
            <param index="0">
              <value>
                <![CDATA[3]]>
              </value>
            </param>
          </params>
          <reporter-output>
          </reporter-output>
        </test-method> <!-- randomJoke -->
        <test-method status="PASS" signature="beforeMethod(org.testng.ITestContext)[pri:0, instance:SanitySuite.SecondTest@6ddf90b0]" name="beforeMethod" is-config="true" duration-ms="0" started-at="2021-12-17T23:19:19 IST" finished-at="2021-12-17T23:19:19 IST">
          <params>
            <param index="0">
              <value>
                <![CDATA[org.testng.TestRunner@b273a59]]>
              </value>
            </param>
          </params>
          <reporter-output>
          </reporter-output>
        </test-method> <!-- beforeMethod -->
      </class> <!-- SanitySuite.SecondTest -->
    </test> <!-- Random Joke -->
  </suite> <!-- Simple Suite -->
</testng-results>
